<?xml version="1.0" encoding="UTF-8"?>
<!-- Generated by org.testng.reporters.JUnitReportReporter -->
<testsuite skipped="0" hostname="Jalarambapa" name="com.nopcommece.testsuite.ComputerPageTest" tests="1" failures="0" timestamp="2022-12-13T22:07:15 GMT" time="9.190" errors="0">
  <testcase name="verifyProductArrangeInAlphaBaticalOrder" time="9.190" classname="com.nopcommece.testsuite.ComputerPageTest"/>
  <system-out>
    <![CDATA[Clicking on computer Computers then desktop 
Sorting computer desktops Position
Name: A to Z
Name: Z to A
Price: Low to High
Price: High to Low
Created on
Verifying list after sorting [[[ChromeDriver: chrome on WINDOWS (34fdc3794da254698feff3196f3891b4)] -> xpath: //h2[@class='product-title']], [[ChromeDriver: chrome on WINDOWS (34fdc3794da254698feff3196f3891b4)] -> xpath: //h2[@class='product-title']], [[ChromeDriver: chrome on WINDOWS (34fdc3794da254698feff3196f3891b4)] -> xpath: //h2[@class='product-title']]]
Verifying list before sorting [[[ChromeDriver: chrome on WINDOWS (34fdc3794da254698feff3196f3891b4)] -> xpath: //h2[@class='product-title']], [[ChromeDriver: chrome on WINDOWS (34fdc3794da254698feff3196f3891b4)] -> xpath: //h2[@class='product-title']], [[ChromeDriver: chrome on WINDOWS (34fdc3794da254698feff3196f3891b4)] -> xpath: //h2[@class='product-title']]]]]>
  </system-out>
</testsuite> <!-- com.nopcommece.testsuite.ComputerPageTest -->
