<?xml version="1.0" encoding="UTF-8"?>
<!-- Generated by org.testng.reporters.JUnitReportReporter -->
<testsuite skipped="0" hostname="Jalarambapa" name="com.nopcommece.testsuite.ShoppingCartPageTest" tests="1" failures="0" timestamp="2022-12-13T22:07:15 GMT" time="24.719" errors="0">
  <testcase name="verifyProductAddedToShoppingCartSuccessFully" time="24.719" classname="com.nopcommece.testsuite.ShoppingCartPageTest"/>
  <system-out>
    <![CDATA[click on computer Computers
click on computer Desktops
sort computerdesktops to AtoZPosition
Name: A to Z
Name: Z to A
Price: Low to High
Price: High to Low
Created on
click on shopping cartADD TO CART
To Verify Message  Build your own computer
To Verify Message  Build your own computer
Select 2.2 GHz Intel Pentium Dual-Core E2200 from Dropdown list
Select 8GB [+$60.00] from Dropdown list
Click on Radio Button By.id: product_attribute_3_7
Click on Radio Button By.id: product_attribute_4_9
Click on CheckBox By.id: product_attribute_5_12
To Verify Message  $1,475.00
To Verify Message  $1,475.00
Select Press Button By.xpath: //button[@id='add-to-cart-button-1']
To Verify Message  The product has been added to your shopping cart
To Verify Message  The product has been added to your shopping cart
Select Press Button By.xpath: //span[@class='close']
Mouse Hover and Click on Shopping Cart 
Click on Go Cart Button
To Verify Message  Shopping cart
To Verify Message  Shopping cart
Clear Quantity field
Change The Quantity
Click on Update Cart Button
To Verify Message  $2,950.00
To Verify Message  $2,950.00
Click on CheckBox By.id: termsofservice
Select Press Button By.id: checkout
To Verify Message  Welcome, Please Sign In!
To Verify Message  Welcome, Please Sign In!
Select Press Button By.xpath: //button[contains(text(),'Checkout as Guest')]
Select India from Dropdown list
Select Press Button By.name: save
Click on Radio Button By.id: shippingoption_1
Select Press Button By.xpath: //button[@onclick='ShippingMethod.save()']
Click on Radio Button By.id: paymentmethod_1
Select Press Button By.xpath: //button[@onclick='PaymentMethod.save()']
Select Master card from Dropdown list
Select 10 from Dropdown list
Select 2025 from Dropdown list
Select Press Button By.id: payment-info-buttons-container
To Verify Message  Payment Method:
To Verify Message  Payment Method:
To Verify Message  Credit Card
To Verify Message  Credit Card
To Verify Message  Shipping Method:
To Verify Message  Shipping Method:
To Verify Message  Next Day Air
To Verify Message  Next Day Air
To Verify Message  $2,950.00
To Verify Message  $2,950.00
Select Press Button By.xpath: //button[@onclick='ConfirmOrder.save()']
To Verify Message  Thank you
To Verify Message  Thank you
To Verify Message  Your order has been successfully processed!
To Verify Message  Your order has been successfully processed!
Select Press Button By.xpath: //button[@onclick='setLocation("/")']
To Verify Message  Welcome to our store
To Verify Message  Welcome to our store]]>
  </system-out>
</testsuite> <!-- com.nopcommece.testsuite.ShoppingCartPageTest -->
