<?xml version="1.0" encoding="UTF-8"?>
<!-- Generated by org.testng.reporters.JUnitReportReporter -->
<testsuite skipped="0" hostname="Jalarambapa" name="com.nopcommece.testsuite.LoginPageTest" tests="1" failures="0" timestamp="2022-12-13T22:07:15 GMT" time="5.088" errors="0">
  <testcase name="verifyUserShouldNavigateToLoginPage" time="5.088" classname="com.nopcommece.testsuite.LoginPageTest"/>
  <system-out>
    <![CDATA[click on login tabLog in
To Verify Message  Welcome, Please Sign In!]]>
  </system-out>
</testsuite> <!-- com.nopcommece.testsuite.LoginPageTest -->
