<?xml version="1.0" encoding="UTF-8"?>
<!-- Generated by org.testng.reporters.JUnitReportReporter -->
<testsuite skipped="0" hostname="Jalarambapa" name="com.nopcommece.testsuite.HomePageTest" tests="1" failures="0" timestamp="2022-12-13T22:07:15 GMT" time="5.076" errors="0">
  <testcase name="verifyPageNavigation" time="5.076" classname="com.nopcommece.testsuite.HomePageTest"/>
  <system-out/>
</testsuite> <!-- com.nopcommece.testsuite.HomePageTest -->
