<?xml version="1.0" encoding="UTF-8"?>
<!-- Generated by org.testng.reporters.JUnitReportReporter -->
<testsuite skipped="0" hostname="Jalarambapa" name="com.nopcommece.testsuite.ElectronicsPageTest" tests="1" failures="0" timestamp="2022-12-13T22:07:15 GMT" time="7.580" errors="0">
  <testcase name="verifyUserShouldNavigateToCellPhonesPageSuccessfully" time="7.580" classname="com.nopcommece.testsuite.ElectronicsPageTest"/>
  <system-out>
    <![CDATA[To Verify Message  [[ChromeDriver: chrome on WINDOWS (a90eb621195b739d5d6b4ee104ba10bf)] -> xpath: //h1[contains(text(),'Cell phones')]]]]>
  </system-out>
</testsuite> <!-- com.nopcommece.testsuite.ElectronicsPageTest -->
